2015-06-23 11:53:37,819|INFO|reports|Ssg\Controller\ReportsController|inbox|result|result:0|result_desc:Records retrieved successfully.
2015-06-23 11:55:50,705|INFO|reports|Ssg\Controller\ReportsController|inbox|result|result:0|result_desc:Records retrieved successfully.
2015-06-23 12:00:37,763|INFO|reports|Ssg\Controller\ReportsController|outbox|result|result:0|result_desc:Records retrieved successfully.
2015-06-23 12:01:52,322|INFO|reports|Ssg\Controller\ReportsController|outbox|result|result:0|result_desc:Records retrieved successfully.
2015-06-23 12:08:23,576|INFO|reports|Ssg\Controller\ReportsController|delvryrcpts|result|result:0|result_desc:Records retrieved successfully.
2015-06-23 12:15:25,269|INFO|reports|Ssg\Controller\ReportsController|subscriptions|result|result:0|result_desc:Records retrieved successfully.
2015-06-23 12:22:59,557|INFO|reports|Ssg\Controller\ReportsController|subscriptions|result|result:0|result_desc:Records retrieved successfully.
2015-06-23 12:23:05,646|INFO|reports|Ssg\Controller\ReportsController|subscriptions|result|result:0|result_desc:Records retrieved successfully.
2015-06-23 12:23:10,893|INFO|reports|Ssg\Controller\ReportsController|subscriptions|result|result:0|result_desc:Records retrieved successfully.
2015-06-23 12:31:59,669|INFO|reports|Ssg\Controller\ReportsController|outbox|result|result:0|result_desc:Records retrieved successfully.
2015-06-23 12:32:22,152|INFO|reports|Ssg\Controller\ReportsController|inbox|result|result:0|result_desc:Records retrieved successfully.
2015-06-23 12:32:24,683|INFO|reports|Ssg\Controller\ReportsController|outbox|result|result:0|result_desc:Records retrieved successfully.
2015-06-23 12:32:26,634|INFO|reports|Ssg\Controller\ReportsController|delvryrcpts|result|result:0|result_desc:Records retrieved successfully.
2015-06-23 12:32:28,188|INFO|reports|Ssg\Controller\ReportsController|subscriptions|result|result:0|result_desc:Records retrieved successfully.
2015-06-23 12:43:25,774|INFO|reports|Ssg\Controller\ReportsController|subscriptions|result|result:0|result_desc:Records retrieved successfully.
2015-06-23 12:43:28,866|INFO|reports|Ssg\Controller\ReportsController|subscriptions|result|result:0|result_desc:Records retrieved successfully.
2015-06-23 12:43:33,951|INFO|reports|Ssg\Controller\ReportsController|subscriptions|result|result:0|result_desc:Records retrieved successfully.
2015-06-23 12:50:17,955|INFO|reports|Ssg\Controller\ReportsController|subscriptions|result|result:0|result_desc:Records retrieved successfully.
2015-06-23 12:50:24,236|INFO|reports|Ssg\Controller\ReportsController|subscriptions|result|result:0|result_desc:Records retrieved successfully.
2015-06-23 12:50:25,339|INFO|reports|Ssg\Controller\ReportsController|subscriptions|result|result:0|result_desc:Records retrieved successfully.
2015-06-23 12:50:34,358|INFO|reports|Ssg\Controller\ReportsController|subscriptions|result|result:0|result_desc:Records retrieved successfully.
2015-06-23 12:50:52,463|INFO|reports|Ssg\Controller\ReportsController|subscriptions|result|result:0|result_desc:Records retrieved successfully.
2015-06-23 13:44:14,621|INFO|reports|Ssg\Controller\ReportsController|subscriptions|result|result:0|result_desc:Records retrieved successfully.
2015-06-23 13:46:46,588|INFO|reports|Ssg\Controller\ReportsController|subscriptions|result|0|Records retrieved successfully.
2015-06-23 13:46:59,328|INFO|reports|Ssg\Controller\ReportsController|inbox|result|0|Records retrieved successfully.
2015-06-23 13:47:02,290|INFO|reports|Ssg\Controller\ReportsController|outbox|result|0|Records retrieved successfully.
2015-06-23 13:47:03,753|INFO|reports|Ssg\Controller\ReportsController|delvryrcpts|result|0|Records retrieved successfully.
2015-06-23 13:47:06,473|INFO|reports|Ssg\Controller\ReportsController|subscriptions|result|0|Records retrieved successfully.
2015-06-23 14:53:00,662|INFO|reports|Ssg\Controller\ReportsController|subscriptions|result|0|Records retrieved successfully.
